-------------------------------------------------------------------------------
Test set: com.decaku.GunCoreApplicationTests
-------------------------------------------------------------------------------
Tests run: 1, Failures: 0, Errors: 1, Skipped: 0, Time elapsed: 0.284 s <<< FAILURE! - in com.decaku.GunCoreApplicationTests
com.decaku.GunCoreApplicationTests  Time elapsed: 0.282 s  <<< ERROR!
java.lang.IllegalStateException: Unable to find a @SpringBootConfiguration, you need to use @ContextConfiguration or @SpringBootTest(classes=...) with your test

