<?xml version="1.0" encoding="UTF-8"?>
<testng-results ignored="0" total="1" passed="1" failed="0" skipped="0">
  <reporter-output>
  </reporter-output>
  <suite started-at="2021-01-04T11:05:09 CST" name="Surefire suite" finished-at="2021-01-04T11:05:09 CST" duration-ms="24">
    <groups>
    </groups>
    <test started-at="2021-01-04T11:05:09 CST" name="Surefire test" finished-at="2021-01-04T11:05:09 CST" duration-ms="24">
      <class name="com.stylefeng.guns.rest.GunsApiApplicationTests">
        <test-method signature="contextLoads()[pri:0, instance:com.stylefeng.guns.rest.GunsApiApplicationTests@7cbd213e]" started-at="2021-01-04T11:05:09 CST" name="contextLoads" finished-at="2021-01-04T11:05:09 CST" duration-ms="3" status="PASS">
          <reporter-output>
          </reporter-output>
        </test-method> <!-- contextLoads -->
      </class> <!-- com.stylefeng.guns.rest.GunsApiApplicationTests -->
    </test> <!-- Surefire test -->
  </suite> <!-- Surefire suite -->
</testng-results>
