<?xml version="1.0" encoding="UTF-8"?>
<testsuite xmlns:xsi="http://www.w3.org/2001/XMLSchema-instance" xsi:noNamespaceSchemaLocation="https://maven.apache.org/surefire/maven-surefire-plugin/xsd/surefire-test-report.xsd" name="com.stylefeng.guns.rest.GunsApiApplicationTests" time="0.274" tests="1" errors="1" skipped="0" failures="0">
  <properties>
[...]
</properties>
  <testcase name="com.stylefeng.guns.rest.GunsApiApplicationTests" classname="com.stylefeng.guns.rest.GunsApiApplicationTests" time="0.273">
    <error message="Unable to find a @SpringBootConfiguration, you need to use @ContextConfiguration or @SpringBootTest(classes=...) with your test" type="java.lang.IllegalStateException">java.lang.IllegalStateException: Unable to find a @SpringBootConfiguration, you need to use @ContextConfiguration or @SpringBootTest(classes=...) with your test
</error>
    <system-out><![CDATA[00:43:03.925 [main] DEBUG org.springframework.test.context.BootstrapUtils - Instantiating CacheAwareContextLoaderDelegate from class [org.springframework.test.context.cache.DefaultCacheAwareContextLoaderDelegate]
00:43:03.937 [main] DEBUG org.springframework.test.context.BootstrapUtils - Instantiating BootstrapContext using constructor [public org.springframework.test.context.support.DefaultBootstrapContext(java.lang.Class,org.springframework.test.context.CacheAwareContextLoaderDelegate)]
00:43:03.967 [main] DEBUG org.springframework.test.context.BootstrapUtils - Instantiating TestContextBootstrapper for test class [com.stylefeng.guns.rest.GunsApiApplicationTests] from class [org.springframework.boot.test.context.SpringBootTestContextBootstrapper]
00:43:03.979 [main] INFO org.springframework.boot.test.context.SpringBootTestContextBootstrapper - Neither @ContextConfiguration nor @ContextHierarchy found for test class [com.stylefeng.guns.rest.GunsApiApplicationTests], using SpringBootContextLoader
00:43:03.982 [main] DEBUG org.springframework.test.context.support.AbstractContextLoader - Did not detect default resource location for test class [com.stylefeng.guns.rest.GunsApiApplicationTests]: class path resource [com/stylefeng/guns/rest/GunsApiApplicationTests-context.xml] does not exist
00:43:03.982 [main] DEBUG org.springframework.test.context.support.AbstractContextLoader - Did not detect default resource location for test class [com.stylefeng.guns.rest.GunsApiApplicationTests]: class path resource [com/stylefeng/guns/rest/GunsApiApplicationTestsContext.groovy] does not exist
00:43:03.983 [main] INFO org.springframework.test.context.support.AbstractContextLoader - Could not detect default resource locations for test class [com.stylefeng.guns.rest.GunsApiApplicationTests]: no resource found for suffixes {-context.xml, Context.groovy}.
00:43:03.983 [main] INFO org.springframework.test.context.support.AnnotationConfigContextLoaderUtils - Could not detect default configuration classes for test class [com.stylefeng.guns.rest.GunsApiApplicationTests]: GunsApiApplicationTests does not declare any static, non-private, non-final, nested classes annotated with @Configuration.
00:43:04.020 [main] DEBUG org.springframework.test.context.support.ActiveProfilesUtils - Could not find an 'annotation declaring class' for annotation type [org.springframework.test.context.ActiveProfiles] and class [com.stylefeng.guns.rest.GunsApiApplicationTests]
00:43:04.074 [main] DEBUG org.springframework.test.context.BootstrapUtils - Instantiating CacheAwareContextLoaderDelegate from class [org.springframework.test.context.cache.DefaultCacheAwareContextLoaderDelegate]
00:43:04.074 [main] DEBUG org.springframework.test.context.BootstrapUtils - Instantiating BootstrapContext using constructor [public org.springframework.test.context.support.DefaultBootstrapContext(java.lang.Class,org.springframework.test.context.CacheAwareContextLoaderDelegate)]
00:43:04.075 [main] DEBUG org.springframework.test.context.BootstrapUtils - Instantiating TestContextBootstrapper for test class [com.stylefeng.guns.rest.GunsApiApplicationTests] from class [org.springframework.boot.test.context.SpringBootTestContextBootstrapper]
00:43:04.076 [main] INFO org.springframework.boot.test.context.SpringBootTestContextBootstrapper - Neither @ContextConfiguration nor @ContextHierarchy found for test class [com.stylefeng.guns.rest.GunsApiApplicationTests], using SpringBootContextLoader
00:43:04.076 [main] DEBUG org.springframework.test.context.support.AbstractContextLoader - Did not detect default resource location for test class [com.stylefeng.guns.rest.GunsApiApplicationTests]: class path resource [com/stylefeng/guns/rest/GunsApiApplicationTests-context.xml] does not exist
00:43:04.077 [main] DEBUG org.springframework.test.context.support.AbstractContextLoader - Did not detect default resource location for test class [com.stylefeng.guns.rest.GunsApiApplicationTests]: class path resource [com/stylefeng/guns/rest/GunsApiApplicationTestsContext.groovy] does not exist
00:43:04.077 [main] INFO org.springframework.test.context.support.AbstractContextLoader - Could not detect default resource locations for test class [com.stylefeng.guns.rest.GunsApiApplicationTests]: no resource found for suffixes {-context.xml, Context.groovy}.
00:43:04.077 [main] INFO org.springframework.test.context.support.AnnotationConfigContextLoaderUtils - Could not detect default configuration classes for test class [com.stylefeng.guns.rest.GunsApiApplicationTests]: GunsApiApplicationTests does not declare any static, non-private, non-final, nested classes annotated with @Configuration.
00:43:04.079 [main] DEBUG org.springframework.test.context.support.ActiveProfilesUtils - Could not find an 'annotation declaring class' for annotation type [org.springframework.test.context.ActiveProfiles] and class [com.stylefeng.guns.rest.GunsApiApplicationTests]
00:43:04.091 [main] DEBUG org.springframework.test.context.BootstrapUtils - Instantiating CacheAwareContextLoaderDelegate from class [org.springframework.test.context.cache.DefaultCacheAwareContextLoaderDelegate]
00:43:04.092 [main] DEBUG org.springframework.test.context.BootstrapUtils - Instantiating BootstrapContext using constructor [public org.springframework.test.context.support.DefaultBootstrapContext(java.lang.Class,org.springframework.test.context.CacheAwareContextLoaderDelegate)]
00:43:04.092 [main] DEBUG org.springframework.test.context.BootstrapUtils - Instantiating TestContextBootstrapper for test class [com.stylefeng.guns.rest.GunsApiApplicationTests] from class [org.springframework.boot.test.context.SpringBootTestContextBootstrapper]
00:43:04.093 [main] INFO org.springframework.boot.test.context.SpringBootTestContextBootstrapper - Neither @ContextConfiguration nor @ContextHierarchy found for test class [com.stylefeng.guns.rest.GunsApiApplicationTests], using SpringBootContextLoader
00:43:04.093 [main] DEBUG org.springframework.test.context.support.AbstractContextLoader - Did not detect default resource location for test class [com.stylefeng.guns.rest.GunsApiApplicationTests]: class path resource [com/stylefeng/guns/rest/GunsApiApplicationTests-context.xml] does not exist
00:43:04.094 [main] DEBUG org.springframework.test.context.support.AbstractContextLoader - Did not detect default resource location for test class [com.stylefeng.guns.rest.GunsApiApplicationTests]: class path resource [com/stylefeng/guns/rest/GunsApiApplicationTestsContext.groovy] does not exist
00:43:04.094 [main] INFO org.springframework.test.context.support.AbstractContextLoader - Could not detect default resource locations for test class [com.stylefeng.guns.rest.GunsApiApplicationTests]: no resource found for suffixes {-context.xml, Context.groovy}.
00:43:04.094 [main] INFO org.springframework.test.context.support.AnnotationConfigContextLoaderUtils - Could not detect default configuration classes for test class [com.stylefeng.guns.rest.GunsApiApplicationTests]: GunsApiApplicationTests does not declare any static, non-private, non-final, nested classes annotated with @Configuration.
00:43:04.097 [main] DEBUG org.springframework.test.context.support.ActiveProfilesUtils - Could not find an 'annotation declaring class' for annotation type [org.springframework.test.context.ActiveProfiles] and class [com.stylefeng.guns.rest.GunsApiApplicationTests]
]]></system-out>
  </testcase>
</testsuite>